2018-09-15 11:21:16 [scrapy.utils.log] INFO: Scrapy 1.5.0 started (bot: itbenet)
2018-09-15 11:21:16 [scrapy.utils.log] INFO: Versions: lxml 4.2.1.0, libxml2 2.9.7, cssselect 1.0.3, parsel 1.4.0, w3lib 1.19.0, Twisted 17.5.0, Python 3.6.4 |Anaconda, Inc.| (default, Jan 16 2018, 10:22:32) [MSC v.1900 64 bit (AMD64)], pyOpenSSL 17.5.0 (OpenSSL 1.0.2o  27 Mar 2018), cryptography 2.1.4, Platform Windows-7-6.1.7601-SP1
2018-09-15 11:21:16 [scrapy.crawler] INFO: Overridden settings: {'BOT_NAME': 'itbenet', 'LOG_FILE': 'mylog.log', 'NEWSPIDER_MODULE': 'itbenet.spiders', 'SPIDER_MODULES': ['itbenet.spiders']}
2018-09-15 11:21:16 [scrapy.middleware] INFO: Enabled extensions:
['scrapy.extensions.corestats.CoreStats',
 'scrapy.extensions.telnet.TelnetConsole',
 'scrapy.extensions.logstats.LogStats']
2018-09-15 11:21:17 [scrapy.middleware] INFO: Enabled downloader middlewares:
['scrapy.downloadermiddlewares.httpauth.HttpAuthMiddleware',
 'scrapy.downloadermiddlewares.downloadtimeout.DownloadTimeoutMiddleware',
 'scrapy.downloadermiddlewares.defaultheaders.DefaultHeadersMiddleware',
 'scrapy.downloadermiddlewares.useragent.UserAgentMiddleware',
 'scrapy.downloadermiddlewares.retry.RetryMiddleware',
 'scrapy.downloadermiddlewares.redirect.MetaRefreshMiddleware',
 'scrapy.downloadermiddlewares.httpcompression.HttpCompressionMiddleware',
 'scrapy.downloadermiddlewares.redirect.RedirectMiddleware',
 'scrapy.downloadermiddlewares.cookies.CookiesMiddleware',
 'scrapy.downloadermiddlewares.httpproxy.HttpProxyMiddleware',
 'scrapy.downloadermiddlewares.stats.DownloaderStats']
2018-09-15 11:21:17 [scrapy.middleware] INFO: Enabled spider middlewares:
['scrapy.spidermiddlewares.httperror.HttpErrorMiddleware',
 'scrapy.spidermiddlewares.offsite.OffsiteMiddleware',
 'scrapy.spidermiddlewares.referer.RefererMiddleware',
 'scrapy.spidermiddlewares.urllength.UrlLengthMiddleware',
 'scrapy.spidermiddlewares.depth.DepthMiddleware']
2018-09-15 11:21:17 [scrapy.middleware] INFO: Enabled item pipelines:
['itbenet.pipelines.ItbenetPipelineJSON',
 'itbenet.pipelines.ItbenetPipelineTXT']
2018-09-15 11:21:17 [scrapy.core.engine] INFO: Spider opened
2018-09-15 11:21:17 [scrapy.extensions.logstats] INFO: Crawled 0 pages (at 0 pages/min), scraped 0 items (at 0 items/min)
2018-09-15 11:21:17 [py.warnings] WARNING: d:\ProgramData\Anaconda3\lib\site-packages\scrapy\spidermiddlewares\offsite.py:59: URLWarning: allowed_domains accepts only domains, not URLs. Ignoring URL entry http://www.itbenet.net/szll/index.html in allowed_domains.
  warnings.warn("allowed_domains accepts only domains, not URLs. Ignoring URL entry %s in allowed_domains." % domain, URLWarning)

2018-09-15 11:21:17 [scrapy.extensions.telnet] DEBUG: Telnet console listening on 127.0.0.1:6023
2018-09-15 11:21:17 [scrapy.core.engine] DEBUG: Crawled (200) <GET http://www.itbenet.net/szll/index.html> (referer: None)
2018-09-15 11:21:17 [scrapy.core.scraper] DEBUG: Scraped from <200 http://www.itbenet.net/szll/index.html>
{'info': '长期从事计算机网络教学工作，拥有CCNA、CCNP、MCSE、MCDBA、RHCE等专业证书。精通Windows系统、TCP/IP协议、路由协议、Linux系统。',
 'name': '陈庆胜'}
2018-09-15 11:21:17 [scrapy.core.scraper] DEBUG: Scraped from <200 http://www.itbenet.net/szll/index.html>
{'info': 'Java高级讲师，高级软件工程师，多年应用软件开发团队管理和培训经验，善于对分析系统需求；能够根据客户需求设计出高效、灵活、健壮的系统架构；精通C++、HTML、JavaScript、CSS、Core '
         'JAVA、XML、OOA&D、Servlet、JSP等',
 'name': '李华杰'}
2018-09-15 11:21:17 [scrapy.core.scraper] DEBUG: Scraped from <200 http://www.itbenet.net/szll/index.html>
{'info': '精通C/C++、C#、Objective-C、XML、数据库。从事APP研发及项目管理工作、有丰富地项目研发及项目管理经验。负责项目：1、麦包包 '
         'for iPhone APP；2、聚尚名品折扣 for iPhone APP；3、也买酒 for iPhone '
         'APP；4、顺丰快递for iPhone APP&Android项目经理；5、红星美凯龙 for CMS&iPhone '
         'APP&Android&Web项目经理。',
 'name': '唐磊'}
2018-09-15 11:21:17 [scrapy.core.scraper] DEBUG: Scraped from <200 http://www.itbenet.net/szll/index.html>
{'info': '精通JavaSE, JavaEE, C#, Javascript, HTML，CSS, '
         'JSP，WinForms等多种计算机开发语言。精通 MVC框架，JQuery框架、Struts1， Struts2 '
         ',Hibernate,Spring等框架及SSH三框架组合技术, '
         '精通OOAD设计模式，精通SQLServer,Oracle等数据库技术。',
 'name': '叶顺林'}
2018-09-15 11:21:17 [scrapy.core.scraper] DEBUG: Scraped from <200 http://www.itbenet.net/szll/index.html>
{'info': '具有丰富的建模、编程思想，擅长.NET平台的C/S、WEB开发，实现软件项目管理；擅长流行的关系型数据库管理、如SQL '
         'Server,Sybase,Oracle;熟悉.NET、开源框架技术和丰富的开发经验、教学经验。',
 'name': '曹大伟'}
2018-09-15 11:21:17 [scrapy.core.scraper] DEBUG: Scraped from <200 http://www.itbenet.net/szll/index.html>
{'info': '拥有CCNA、CCNP、RHCE、NCNE、网络工程师（软考）等专业证书，精通系统安全，网络服务、TCP/IP协议、路由协议、Linux网络服务，硬件系统规划，多种unix及linux使用经验，具有很丰富的故障排除及网络优化经验。',
 'name': '满意'}
2018-09-15 11:21:17 [scrapy.core.engine] INFO: Closing spider (finished)
2018-09-15 11:21:17 [scrapy.statscollectors] INFO: Dumping Scrapy stats:
{'downloader/request_bytes': 229,
 'downloader/request_count': 1,
 'downloader/request_method_count/GET': 1,
 'downloader/response_bytes': 7992,
 'downloader/response_count': 1,
 'downloader/response_status_count/200': 1,
 'finish_reason': 'finished',
 'finish_time': datetime.datetime(2018, 9, 15, 3, 21, 17, 932822),
 'item_scraped_count': 6,
 'log_count/DEBUG': 8,
 'log_count/INFO': 7,
 'log_count/WARNING': 1,
 'response_received_count': 1,
 'scheduler/dequeued': 1,
 'scheduler/dequeued/memory': 1,
 'scheduler/enqueued': 1,
 'scheduler/enqueued/memory': 1,
 'start_time': datetime.datetime(2018, 9, 15, 3, 21, 17, 694822)}
2018-09-15 11:21:17 [scrapy.core.engine] INFO: Spider closed (finished)
